<?xml version="1.0" encoding="UTF-8"?>
<testsuite errors="0" failures="0" name="Login" tests="0" time="0.000732">
</testsuite>
